0 verbose cli C:\Program Files\nodejs\node.exe C:\Users\H P\AppData\Roaming\npm\node_modules\npm\bin\npm-cli.js
1 info using npm@9.1.2
2 info using node@v16.15.0
3 timing npm:load:whichnode Completed in 5ms
4 timing config:load:defaults Completed in 4ms
5 timing config:load:file:C:\Users\H P\AppData\Roaming\npm\node_modules\npm\npmrc Completed in 17ms
6 timing config:load:builtin Completed in 17ms
7 timing config:load:cli Completed in 4ms
8 timing config:load:env Completed in 1ms
9 timing config:load:file:G:\Redux\react-reducer\.npmrc Completed in 4ms
10 timing config:load:project Completed in 23ms
11 timing config:load:file:C:\Users\H P\.npmrc Completed in 0ms
12 timing config:load:user Completed in 1ms
13 timing config:load:file:C:\Users\H P\AppData\Roaming\npm\etc\npmrc Completed in 2ms
14 timing config:load:global Completed in 2ms
15 timing config:load:setEnvs Completed in 3ms
16 timing config:load Completed in 56ms
17 timing npm:load:configload Completed in 56ms
18 timing npm:load:mkdirpcache Completed in 2ms
19 timing npm:load:mkdirplogs Completed in 0ms
20 verbose title npm start
21 verbose argv "start"
22 timing npm:load:setTitle Completed in 2ms
23 timing config:load:flatten Completed in 9ms
24 timing npm:load:display Completed in 16ms
25 verbose logfile logs-max:10 dir:G:\Redux\react-reducer\Practice\P\AppData\Roaming\npm-cache\_npx\8220\_npx\4056\_logs\2022-12-31T15_16_36_579Z-
26 verbose logfile G:\Redux\react-reducer\Practice\P\AppData\Roaming\npm-cache\_npx\8220\_npx\4056\_logs\2022-12-31T15_16_36_579Z-debug-0.log
27 timing npm:load:logFile Completed in 16ms
28 timing npm:load:timers Completed in 0ms
29 timing npm:load:configScope Completed in 0ms
30 timing npm:load Completed in 99ms
31 silly logfile done cleaning log files
32 timing config:load:flatten Completed in 2ms
